<!DOCTYPE html PUBLIC "-//W3C//DTD XHTML 1.1//EN" "http://www.w3.org/TR/xhtml11/DTD/xhtml11.dtd">
<html xmlns="http://www.w3.org/1999/xhtml">
<head>
<meta http-equiv="content-type" content="text/html; charset=UTF-8"/>
<title>TestNG Report</title>
<style type="text/css">table {margin-bottom:10px;border-collapse:collapse;empty-cells:show}th,td {border:1px solid #009;padding:.25em .5em}th {vertical-align:bottom}td {vertical-align:top}table a {font-weight:bold}.stripe td {background-color: #E6EBF9}.num {text-align:right}.passedodd td {background-color: #3F3}.passedeven td {background-color: #0A0}.skippedodd td {background-color: #DDD}.skippedeven td {background-color: #CCC}.failedodd td,.attn {background-color: #F33}.failedeven td,.stripe .attn {background-color: #D00}.stacktrace {white-space:pre;font-family:monospace}.totop {font-size:85%;text-align:center;border-bottom:2px solid #000}.invisible {display:none}</style>
</head>
<body>
<table>
<tr><th>Test</th><th># Passed</th><th># Skipped</th><th># Failed</th><th>Time (ms)</th><th>Included Groups</th><th>Excluded Groups</th></tr>
<tr><th colspan="7">Parallel Testing</th></tr>
<tr><td><a href="#t0">Parallel group Testing 1</a></td><td class="num">1</td><td class="num">0</td><td class="num attn">1</td><td class="num">12,541</td><td></td><td></td></tr>
<tr class="stripe"><td><a href="#t1">Parallel group Testing 2</a></td><td class="num">1</td><td class="num">0</td><td class="num attn">1</td><td class="num">13,145</td><td></td><td></td></tr>
<tr><th>Total</th><th class="num">2</th><th class="num">0</th><th class="num attn">2</th><th class="num">25,686</th><th colspan="2"></th></tr>
</table>
<table id='summary'><thead><tr><th>Class</th><th>Method</th><th>Start</th><th>Time (ms)</th></tr></thead><tbody><tr><th colspan="4">Parallel Testing</th></tr></tbody><tbody id="t0"><tr><th colspan="4">Parallel group Testing 1 &#8212; failed</th></tr><tr class="failedeven"><td rowspan="1">com.app.Tests.SignOnDDT</td><td><a href="#m0">ValidateSignOn</a></td><td rowspan="1">1587321463550</td><td rowspan="1">1913</td></tr><tr><th colspan="4">Parallel group Testing 1 &#8212; passed</th></tr><tr class="passedeven"><td rowspan="1">com.app.Tests.SignOnDDT</td><td><a href="#m1">ValidateWebElementPresent</a></td><td rowspan="1">1587321463321</td><td rowspan="1">221</td></tr></tbody>
<tbody id="t1"><tr><th colspan="4">Parallel group Testing 2 &#8212; failed</th></tr><tr class="failedeven"><td rowspan="1">com.app.Tests.SignOnDDT</td><td><a href="#m2">ValidateSignOn</a></td><td rowspan="1">1587321463554</td><td rowspan="1">2104</td></tr><tr><th colspan="4">Parallel group Testing 2 &#8212; passed</th></tr><tr class="passedeven"><td rowspan="1">com.app.Tests.SignOnDDT</td><td><a href="#m3">ValidateWebElementPresent</a></td><td rowspan="1">1587321463321</td><td rowspan="1">221</td></tr></tbody>
</table>
<h2>Parallel group Testing 1</h2><h3 id="m0">com.app.Tests.SignOnDDT#ValidateSignOn</h3><table class="result"><tr class="param"><th>Parameter #1</th><th>Parameter #2</th></tr><tr class="param stripe"><td>Michael</td><td>536738383</td></tr><tr><th colspan="2">Messages</th></tr><tr><td colspan="2"><div class="messages">Entering Michael in the UserName<br/>Endtering 123456 in the Password<br/>Reading the URL of the page</div></td></tr><tr><th colspan="2">Exception</th></tr><tr><td colspan="2"><div class="stacktrace">java.lang.AssertionError: expected [http://newtours.demoaut.com/mercurysignon.php] but found [http://newtours.demoaut.com/mercurysignon.php?osCsid=d42aa362bc0cdcf7e65a437a3e1c394d]
	at com.app.Tests.SignOnDDT.ValidateSignOn(SignOnDDT.java:71)
	at java.base/java.util.concurrent.FutureTask.run(FutureTask.java:264)
	at java.base/java.util.concurrent.ThreadPoolExecutor.runWorker(ThreadPoolExecutor.java:1130)
	at java.base/java.util.concurrent.ThreadPoolExecutor$Worker.run(ThreadPoolExecutor.java:630)
	at java.base/java.lang.Thread.run(Thread.java:832)
... Removed 22 stack frames</div></td></tr></table><p class="totop"><a href="#summary">back to summary</a></p>
<h3 id="m1">com.app.Tests.SignOnDDT#ValidateWebElementPresent</h3><table class="result"><tr><th>Messages</th></tr><tr><td><div class="messages">Verifing User name is present<br/>Verifing Password is present<br/>Verifing Submit Button is present</div></td></tr></table><p class="totop"><a href="#summary">back to summary</a></p>
<h2>Parallel group Testing 2</h2><h3 id="m2">com.app.Tests.SignOnDDT#ValidateSignOn</h3><table class="result"><tr class="param"><th>Parameter #1</th><th>Parameter #2</th></tr><tr class="param stripe"><td>Salman</td><td>2233333</td></tr><tr><th colspan="2">Messages</th></tr><tr><td colspan="2"><div class="messages">Entering Michael in the UserName<br/>Endtering 123456 in the Password<br/>Reading the URL of the page</div></td></tr><tr><th colspan="2">Exception</th></tr><tr><td colspan="2"><div class="stacktrace">java.lang.AssertionError: expected [http://newtours.demoaut.com/mercurysignon.php] but found [http://newtours.demoaut.com/mercurysignon.php?osCsid=3550107c6a645eeb3f2cfbb08e11b6de]
	at com.app.Tests.SignOnDDT.ValidateSignOn(SignOnDDT.java:71)
	at java.base/java.util.concurrent.FutureTask.run(FutureTask.java:264)
	at java.base/java.util.concurrent.ThreadPoolExecutor.runWorker(ThreadPoolExecutor.java:1130)
	at java.base/java.util.concurrent.ThreadPoolExecutor$Worker.run(ThreadPoolExecutor.java:630)
	at java.base/java.lang.Thread.run(Thread.java:832)
... Removed 22 stack frames</div></td></tr></table><p class="totop"><a href="#summary">back to summary</a></p>
<h3 id="m3">com.app.Tests.SignOnDDT#ValidateWebElementPresent</h3><table class="result"><tr><th>Messages</th></tr><tr><td><div class="messages">Verifing User name is present<br/>Verifing Password is present<br/>Verifing Submit Button is present</div></td></tr></table><p class="totop"><a href="#summary">back to summary</a></p>
</body>
</html>
