<?xml version="1.0" encoding="UTF-8"?>
<!-- Generated by org.testng.reporters.JUnitXMLReporter -->
<testsuite ignored="1" hostname="LAPTOP-UGQAOAUR" failures="1" tests="1" name="Default test(failed)" time="11.257" errors="0" timestamp="19 Apr 2020 14:28:59 GMT">
  <testcase classname="com.app.Tests.SignOnTest" name="ValidateSignOn" time="1.887">
    <failure type="java.lang.AssertionError" message="expected [http://newtours.demoaut.com/mercurysignon.php] but found [http://newtours.demoaut.com/mercurysignon.php?osCsid=54205595ef27c3fa7b022ed60221d5ef]">
      <![CDATA[java.lang.AssertionError: expected [http://newtours.demoaut.com/mercurysignon.php] but found [http://newtours.demoaut.com/mercurysignon.php?osCsid=54205595ef27c3fa7b022ed60221d5ef]
at com.app.Tests.SignOnTest.ValidateSignOn(SignOnTest.java:71)
... Removed 31 stack frames]]>
    </failure>
  </testcase> <!-- ValidateSignOn -->
  <testcase classname="com.app.Tests.SignOnTest" name="ValidateWebElementPresent" time="0.0">
    <ignored/>
  </testcase> <!-- ValidateWebElementPresent -->
</testsuite> <!-- Default test(failed) -->
